TN:
SF:src/scripts/recovery.js
FN:15,(anonymous_0)
FN:54,(anonymous_1)
FN:73,(anonymous_2)
FN:111,(anonymous_3)
FN:139,(anonymous_4)
FN:152,(anonymous_5)
FN:158,(anonymous_6)
FN:170,(anonymous_7)
FN:176,(anonymous_8)
FN:180,(anonymous_9)
FN:186,(anonymous_10)
FNF:11
FNH:0
FNDA:0,(anonymous_0)
FNDA:0,(anonymous_1)
FNDA:0,(anonymous_2)
FNDA:0,(anonymous_3)
FNDA:0,(anonymous_4)
FNDA:0,(anonymous_5)
FNDA:0,(anonymous_6)
FNDA:0,(anonymous_7)
FNDA:0,(anonymous_8)
FNDA:0,(anonymous_9)
FNDA:0,(anonymous_10)
DA:5,0
DA:6,0
DA:7,0
DA:8,0
DA:9,0
DA:10,0
DA:15,0
DA:16,0
DA:17,0
DA:20,0
DA:23,0
DA:26,0
DA:28,0
DA:29,0
DA:30,0
DA:31,0
DA:32,0
DA:35,0
DA:38,0
DA:39,0
DA:41,0
DA:42,0
DA:44,0
DA:46,0
DA:47,0
DA:54,0
DA:55,0
DA:56,0
DA:59,0
DA:62,0
DA:69,0
DA:70,0
DA:73,0
DA:74,0
DA:77,0
DA:83,0
DA:85,0
DA:88,0
DA:89,0
DA:92,0
DA:99,0
DA:102,0
DA:111,0
DA:112,0
DA:114,0
DA:116,0
DA:118,0
DA:119,0
DA:120,0
DA:121,0
DA:123,0
DA:126,0
DA:130,0
DA:131,0
DA:133,0
DA:134,0
DA:139,0
DA:140,0
DA:141,0
DA:145,0
DA:147,0
DA:148,0
DA:150,0
DA:152,0
DA:153,0
DA:154,0
DA:156,0
DA:158,0
DA:159,0
DA:160,0
DA:161,0
DA:163,0
DA:165,0
DA:167,0
DA:168,0
DA:171,0
DA:172,0
DA:176,0
DA:177,0
DA:180,0
DA:181,0
DA:182,0
DA:184,0
DA:187,0
DA:188,0
DA:193,0
LF:86
LH:0
BRDA:28,0,0,0
BRDA:28,0,1,0
BRDA:31,1,0,0
BRDA:31,1,1,0
BRDA:35,2,0,0
BRDA:35,2,1,0
BRDA:118,3,0,0
BRDA:118,3,1,0
BRDA:118,4,0,0
BRDA:118,4,1,0
BRDA:120,5,0,0
BRDA:120,5,1,0
BRDA:145,6,0,0
BRDA:145,6,1,0
BRDA:150,7,0,0
BRDA:150,7,1,0
BRDA:156,8,0,0
BRDA:156,8,1,0
BRDA:159,9,0,0
BRDA:159,9,1,0
BRDA:160,10,0,0
BRDA:160,10,1,0
BRDA:181,11,0,0
BRDA:181,11,1,0
BRDA:181,12,0,0
BRDA:181,12,1,0
BRF:26
BRH:0
end_of_record
TN:
SF:src/scripts/setup.js
FN:16,main
FN:27,(anonymous_1)
FN:122,(anonymous_2)
FNF:3
FNH:0
FNDA:0,main
FNDA:0,(anonymous_1)
FNDA:0,(anonymous_2)
DA:11,0
DA:12,0
DA:13,0
DA:14,0
DA:17,0
DA:18,0
DA:19,0
DA:20,0
DA:23,0
DA:24,0
DA:27,0
DA:29,0
DA:30,0
DA:31,0
DA:32,0
DA:33,0
DA:37,0
DA:38,0
DA:40,0
DA:41,0
DA:44,0
DA:47,0
DA:50,0
DA:53,0
DA:54,0
DA:56,0
DA:58,0
DA:61,0
DA:62,0
DA:65,0
DA:78,0
DA:79,0
DA:82,0
DA:96,0
DA:99,0
DA:122,0
DA:123,0
DA:129,0
DA:130,0
DA:131,0
DA:132,0
DA:133,0
DA:134,0
DA:135,0
DA:136,0
DA:137,0
DA:138,0
DA:139,0
DA:140,0
DA:143,0
DA:144,0
DA:149,0
DA:150,0
DA:153,0
LF:54
LH:0
BRDA:29,0,0,0
BRDA:29,0,1,0
BRDA:40,1,0,0
BRDA:40,1,1,0
BRDA:47,2,0,0
BRDA:47,2,1,0
BRDA:149,3,0,0
BRDA:149,3,1,0
BRF:8
BRH:0
end_of_record
TN:
SF:src/scripts/test-rewards.js
FN:10,(anonymous_0)
FN:50,(anonymous_1)
FNF:2
FNH:0
FNDA:0,(anonymous_0)
FNDA:0,(anonymous_1)
DA:5,0
DA:6,0
DA:7,0
DA:8,0
DA:10,0
DA:11,0
DA:12,0
DA:15,0
DA:16,0
DA:19,0
DA:21,0
DA:24,0
DA:32,0
DA:33,0
DA:34,0
DA:37,0
DA:40,0
DA:46,0
DA:47,0
DA:50,0
DA:55,0
DA:56,0
DA:58,0
DA:60,0
DA:65,0
DA:66,0
DA:69,0
LF:27
LH:0
BRDA:65,0,0,0
BRDA:65,0,1,0
BRF:2
BRH:0
end_of_record
TN:
SF:src/scripts/buyback/index.js
FN:32,(anonymous_0)
FN:71,(anonymous_1)
FN:155,(anonymous_2)
FN:178,(anonymous_3)
FN:206,(anonymous_4)
FN:231,(anonymous_5)
FN:266,(anonymous_6)
FN:275,(anonymous_7)
FN:299,(anonymous_8)
FN:349,(anonymous_9)
FN:381,(anonymous_10)
FN:404,(anonymous_11)
FN:407,(anonymous_12)
FN:455,(anonymous_13)
FN:503,(anonymous_14)
FN:513,(anonymous_15)
FN:526,(anonymous_16)
FNF:17
FNH:0
FNDA:0,(anonymous_0)
FNDA:0,(anonymous_1)
FNDA:0,(anonymous_2)
FNDA:0,(anonymous_3)
FNDA:0,(anonymous_4)
FNDA:0,(anonymous_5)
FNDA:0,(anonymous_6)
FNDA:0,(anonymous_7)
FNDA:0,(anonymous_8)
FNDA:0,(anonymous_9)
FNDA:0,(anonymous_10)
FNDA:0,(anonymous_11)
FNDA:0,(anonymous_12)
FNDA:0,(anonymous_13)
FNDA:0,(anonymous_14)
FNDA:0,(anonymous_15)
FNDA:0,(anonymous_16)
DA:6,0
DA:7,0
DA:15,0
DA:16,0
DA:17,0
DA:18,0
DA:19,0
DA:22,0
DA:32,0
DA:33,0
DA:34,0
DA:37,0
DA:40,0
DA:41,0
DA:48,0
DA:49,0
DA:50,0
DA:56,0
DA:57,0
DA:62,0
DA:63,0
DA:71,0
DA:72,0
DA:73,0
DA:76,0
DA:79,0
DA:82,0
DA:86,0
DA:102,0
DA:103,0
DA:106,0
DA:107,0
DA:108,0
DA:109,0
DA:113,0
DA:124,0
DA:127,0
DA:128,0
DA:135,0
DA:137,0
DA:144,0
DA:145,0
DA:155,0
DA:156,0
DA:157,0
DA:160,0
DA:163,0
DA:164,0
DA:166,0
DA:173,0
DA:174,0
DA:177,0
DA:178,0
DA:179,0
DA:180,0
DA:188,0
DA:191,0
DA:193,0
DA:194,0
DA:201,0
DA:204,0
DA:205,0
DA:206,0
DA:207,0
DA:208,0
DA:215,0
DA:218,0
DA:221,0
DA:231,0
DA:232,0
DA:233,0
DA:236,0
DA:239,0
DA:240,0
DA:243,0
DA:244,0
DA:246,0
DA:253,0
DA:254,0
DA:257,0
DA:262,0
DA:264,0
DA:265,0
DA:266,0
DA:267,0
DA:270,0
DA:273,0
DA:274,0
DA:275,0
DA:276,0
DA:277,0
DA:284,0
DA:287,0
DA:290,0
DA:295,0
DA:297,0
DA:298,0
DA:299,0
DA:300,0
DA:302,0
DA:307,0
DA:308,0
DA:309,0
DA:313,0
DA:316,0
DA:317,0
DA:318,0
DA:320,0
DA:325,0
DA:345,0
DA:348,0
DA:349,0
DA:350,0
DA:351,0
DA:360,0
DA:363,0
DA:366,0
DA:368,0
DA:369,0
DA:376,0
DA:379,0
DA:380,0
DA:381,0
DA:382,0
DA:383,0
DA:390,0
DA:393,0
DA:396,0
DA:404,0
DA:405,0
DA:407,0
DA:412,0
DA:415,0
DA:416,0
DA:417,0
DA:427,0
DA:428,0
DA:432,0
DA:445,0
DA:446,0
DA:448,0
DA:455,0
DA:456,0
DA:457,0
DA:460,0
DA:463,0
DA:465,0
DA:466,0
DA:467,0
DA:471,0
DA:473,0
DA:474,0
DA:475,0
DA:479,0
DA:481,0
DA:482,0
DA:483,0
DA:487,0
DA:489,0
DA:490,0
DA:491,0
DA:494,0
DA:496,0
DA:503,0
DA:504,0
DA:506,0
DA:509,0
DA:512,0
DA:513,0
DA:514,0
DA:515,0
DA:518,0
DA:520,0
DA:521,0
DA:526,0
DA:527,0
DA:528,0
DA:532,0
DA:533,0
DA:537,0
LF:180
LH:0
BRDA:23,0,0,0
BRDA:23,0,1,0
BRDA:24,1,0,0
BRDA:24,1,1,0
BRDA:25,2,0,0
BRDA:25,2,1,0
BRDA:48,3,0,0
BRDA:48,3,1,0
BRDA:107,4,0,0
BRDA:107,4,1,0
BRDA:179,5,0,0
BRDA:179,5,1,0
BRDA:204,6,0,0
BRDA:204,6,1,0
BRDA:207,7,0,0
BRDA:207,7,1,0
BRDA:253,8,0,0
BRDA:253,8,1,0
BRDA:257,9,0,0
BRDA:257,9,1,0
BRDA:257,9,2,0
BRDA:257,9,3,0
BRDA:262,10,0,0
BRDA:262,10,1,0
BRDA:262,11,0,0
BRDA:262,11,1,0
BRDA:273,12,0,0
BRDA:273,12,1,0
BRDA:276,13,0,0
BRDA:276,13,1,0
BRDA:297,14,0,0
BRDA:297,14,1,0
BRDA:307,15,0,0
BRDA:307,15,1,0
BRDA:307,16,0,0
BRDA:307,16,1,0
BRDA:334,17,0,0
BRDA:334,17,1,0
BRDA:335,18,0,0
BRDA:335,18,1,0
BRDA:336,19,0,0
BRDA:336,19,1,0
BRDA:338,20,0,0
BRDA:338,20,1,0
BRDA:339,21,0,0
BRDA:339,21,1,0
BRDA:340,22,0,0
BRDA:340,22,1,0
BRDA:350,23,0,0
BRDA:350,23,1,0
BRDA:379,24,0,0
BRDA:379,24,1,0
BRDA:382,25,0,0
BRDA:382,25,1,0
BRDA:415,26,0,0
BRDA:415,26,1,0
BRDA:416,27,0,0
BRDA:416,27,1,0
BRDA:465,28,0,0
BRDA:465,28,1,0
BRDA:473,29,0,0
BRDA:473,29,1,0
BRDA:481,30,0,0
BRDA:481,30,1,0
BRDA:489,31,0,0
BRDA:489,31,1,0
BRDA:532,32,0,0
BRDA:532,32,1,0
BRF:68
BRH:0
end_of_record
TN:
SF:src/scripts/milestone/burnConfig.js
FN:29,(anonymous_0)
FN:31,(anonymous_1)
FN:48,(anonymous_2)
FN:73,(anonymous_3)
FN:79,(anonymous_4)
FN:90,(anonymous_5)
FN:91,(anonymous_6)
FNF:7
FNH:7
FNDA:2,(anonymous_0)
FNDA:38,(anonymous_1)
FNDA:4,(anonymous_2)
FNDA:3,(anonymous_3)
FNDA:57,(anonymous_4)
FNDA:2,(anonymous_5)
FNDA:3,(anonymous_6)
DA:6,2
DA:29,2
DA:30,2
DA:31,2
DA:32,38
DA:33,38
DA:40,2
DA:48,2
DA:50,4
DA:57,4
DA:58,42
DA:60,2
DA:64,2
DA:73,2
DA:75,3
DA:79,3
DA:80,57
DA:90,2
DA:91,3
DA:94,2
LF:20
LH:20
BRDA:50,0,0,4
BRDA:50,0,1,0
BRDA:52,1,0,0
BRDA:52,1,1,0
BRDA:58,2,0,2
BRDA:58,2,1,40
BRDA:58,3,0,42
BRDA:58,3,1,8
BRDA:75,4,0,3
BRDA:75,4,1,0
BRDA:77,5,0,0
BRDA:77,5,1,0
BRDA:80,6,0,57
BRDA:80,6,1,8
BRF:14
BRH:8
end_of_record
TN:
SF:src/scripts/milestone/index.js
FN:21,(anonymous_0)
FN:92,(anonymous_1)
FN:103,(anonymous_2)
FN:104,(anonymous_3)
FN:127,(anonymous_4)
FN:163,(anonymous_5)
FN:177,(anonymous_6)
FN:226,(anonymous_7)
FN:257,(anonymous_8)
FN:260,(anonymous_9)
FN:310,(anonymous_10)
FN:323,(anonymous_11)
FN:332,(anonymous_12)
FN:345,(anonymous_13)
FNF:14
FNH:6
FNDA:0,(anonymous_0)
FNDA:3,(anonymous_1)
FNDA:6,(anonymous_2)
FNDA:0,(anonymous_3)
FNDA:3,(anonymous_4)
FNDA:0,(anonymous_5)
FNDA:0,(anonymous_6)
FNDA:4,(anonymous_7)
FNDA:2,(anonymous_8)
FNDA:0,(anonymous_9)
FNDA:2,(anonymous_10)
FNDA:0,(anonymous_11)
FNDA:0,(anonymous_12)
FNDA:0,(anonymous_13)
DA:5,1
DA:10,1
DA:11,1
DA:15,1
DA:16,1
DA:17,1
DA:18,1
DA:21,1
DA:22,0
DA:24,0
DA:27,0
DA:29,0
DA:31,0
DA:34,0
DA:36,0
DA:37,0
DA:40,0
DA:41,0
DA:42,0
DA:44,0
DA:46,0
DA:59,0
DA:63,0
DA:64,0
DA:66,0
DA:79,0
DA:82,0
DA:84,0
DA:85,0
DA:92,1
DA:93,3
DA:94,3
DA:97,3
DA:98,3
DA:101,3
DA:102,3
DA:103,6
DA:104,0
DA:106,3
DA:107,0
DA:108,0
DA:111,3
DA:114,3
DA:115,3
DA:118,0
DA:127,1
DA:128,3
DA:129,3
DA:131,3
DA:133,3
DA:136,3
DA:137,3
DA:140,3
DA:141,3
DA:143,3
DA:150,3
DA:151,2
DA:154,1
DA:159,1
DA:161,0
DA:162,0
DA:163,0
DA:164,0
DA:167,1
DA:168,1
DA:173,0
DA:175,0
DA:176,0
DA:177,0
DA:178,0
DA:180,0
DA:185,2
DA:186,0
DA:187,0
DA:190,2
DA:193,2
DA:196,2
DA:197,2
DA:198,0
DA:200,2
DA:205,2
DA:222,2
DA:225,2
DA:226,2
DA:227,4
DA:228,2
DA:236,2
DA:239,2
DA:242,2
DA:244,2
DA:247,2
DA:249,0
DA:257,1
DA:258,2
DA:260,2
DA:265,2
DA:268,2
DA:269,0
DA:270,0
DA:280,0
DA:281,0
DA:285,2
DA:298,2
DA:299,2
DA:301,0
DA:310,1
DA:311,2
DA:312,2
DA:314,2
DA:316,0
DA:323,1
DA:324,0
DA:326,0
DA:329,0
DA:332,0
DA:333,0
DA:334,0
DA:337,0
DA:339,0
DA:340,0
DA:345,1
DA:346,0
DA:347,0
DA:351,1
DA:352,0
DA:356,1
LF:126
LH:69
BRDA:29,0,0,0
BRDA:29,0,1,0
BRDA:31,1,0,0
BRDA:31,1,1,0
BRDA:40,2,0,0
BRDA:40,2,1,0
BRDA:40,3,0,0
BRDA:40,3,1,0
BRDA:103,4,0,6
BRDA:103,4,1,6
BRDA:106,5,0,0
BRDA:106,5,1,3
BRDA:150,6,0,2
BRDA:150,6,1,1
BRDA:154,7,0,1
BRDA:154,7,1,1
BRDA:154,7,2,1
BRDA:154,7,3,1
BRDA:159,8,0,0
BRDA:159,8,1,1
BRDA:159,9,0,1
BRDA:159,9,1,0
BRDA:175,10,0,0
BRDA:175,10,1,0
BRDA:185,11,0,0
BRDA:185,11,1,2
BRDA:185,12,0,2
BRDA:185,12,1,2
BRDA:216,13,0,0
BRDA:216,13,1,2
BRDA:217,14,0,2
BRDA:217,14,1,2
BRDA:218,15,0,2
BRDA:218,15,1,2
BRDA:227,16,0,2
BRDA:227,16,1,2
BRDA:268,17,0,0
BRDA:268,17,1,2
BRDA:269,18,0,0
BRDA:269,18,1,0
BRDA:351,19,0,0
BRDA:351,19,1,1
BRF:42
BRH:23
end_of_record
TN:
SF:src/scripts/rewards/claimRewards.js
FN:24,(anonymous_0)
FN:120,(anonymous_1)
FN:163,(anonymous_2)
FNF:3
FNH:2
FNDA:3,(anonymous_0)
FNDA:0,(anonymous_1)
FNDA:3,(anonymous_2)
DA:10,1
DA:15,1
DA:16,1
DA:17,1
DA:18,1
DA:24,1
DA:25,3
DA:26,3
DA:29,3
DA:32,3
DA:35,0
DA:38,0
DA:39,0
DA:40,0
DA:41,0
DA:42,0
DA:45,0
DA:54,0
DA:57,0
DA:60,0
DA:61,0
DA:63,0
DA:76,0
DA:94,0
DA:95,0
DA:98,0
DA:109,0
DA:112,0
DA:116,0
DA:117,0
DA:119,0
DA:120,0
DA:123,0
DA:124,0
DA:125,0
DA:126,0
DA:131,0
DA:132,0
DA:133,0
DA:136,0
DA:144,0
DA:146,0
DA:154,3
DA:155,3
DA:163,1
DA:164,3
DA:165,3
DA:172,3
DA:173,3
DA:174,3
DA:182,0
DA:185,0
DA:190,0
DA:192,0
DA:193,0
DA:194,0
DA:197,0
DA:203,0
DA:210,0
DA:211,0
DA:218,0
DA:219,0
DA:223,1
LF:63
LH:19
BRDA:61,0,0,0
BRDA:61,0,1,0
BRDA:117,1,0,0
BRDA:117,1,1,0
BRDA:117,2,0,0
BRDA:117,2,1,0
BRDA:123,3,0,0
BRDA:123,3,1,0
BRDA:172,4,0,3
BRDA:172,4,1,0
BRDA:194,5,0,0
BRDA:194,5,1,0
BRDA:194,6,0,0
BRDA:194,6,1,0
BRF:14
BRH:1
end_of_record
TN:
SF:src/scripts/rewards/index.js
FN:20,(anonymous_0)
FN:75,(anonymous_1)
FN:80,(anonymous_2)
FNF:3
FNH:1
FNDA:3,(anonymous_0)
FNDA:0,(anonymous_1)
FNDA:0,(anonymous_2)
DA:5,1
DA:6,1
DA:7,1
DA:8,1
DA:9,1
DA:12,1
DA:15,1
DA:20,1
DA:21,3
DA:22,3
DA:25,3
DA:27,3
DA:28,0
DA:29,0
DA:32,3
DA:35,3
DA:36,0
DA:37,0
DA:41,3
DA:42,3
DA:44,3
DA:45,3
DA:46,3
DA:49,0
DA:52,0
DA:53,0
DA:56,0
DA:58,0
DA:59,0
DA:60,0
DA:63,0
DA:66,0
DA:68,0
DA:75,1
DA:76,0
DA:77,0
DA:80,0
DA:81,0
DA:82,0
DA:86,0
DA:87,0
DA:89,0
DA:91,0
DA:96,1
DA:97,0
DA:100,1
LF:46
LH:22
BRDA:12,0,0,1
BRDA:12,0,1,0
BRDA:15,1,0,1
BRDA:15,1,1,0
BRDA:27,2,0,0
BRDA:27,2,1,3
BRDA:35,3,0,0
BRDA:35,3,1,3
BRDA:44,4,0,3
BRDA:44,4,1,0
BRDA:52,5,0,0
BRDA:52,5,1,0
BRDA:58,6,0,0
BRDA:58,6,1,0
BRDA:96,7,0,0
BRDA:96,7,1,1
BRF:16
BRH:6
end_of_record
TN:
SF:src/scripts/token/setup.js
FN:5,(anonymous_0)
FNF:1
FNH:0
FNDA:0,(anonymous_0)
DA:2,0
DA:3,0
DA:5,0
DA:7,0
DA:19,0
DA:21,0
DA:22,0
DA:25,0
LF:8
LH:0
BRDA:22,0,0,0
BRDA:22,0,1,0
BRF:2
BRH:0
end_of_record
TN:
SF:src/scripts/token/tokenCreation.js
FN:27,(anonymous_0)
FN:38,uploadTokenMetadata
FN:82,createInfernoToken
FN:201,buyTokens
FN:288,buyReserveAllocation
FN:301,setupInfernoToken
FNF:6
FNH:0
FNDA:0,(anonymous_0)
FNDA:0,uploadTokenMetadata
FNDA:0,createInfernoToken
FNDA:0,buyTokens
FNDA:0,buyReserveAllocation
FNDA:0,setupInfernoToken
DA:5,0
DA:6,0
DA:15,0
DA:16,0
DA:17,0
DA:18,0
DA:19,0
DA:20,0
DA:21,0
DA:22,0
DA:23,0
DA:26,0
DA:27,0
DA:28,0
DA:29,0
DA:39,0
DA:40,0
DA:43,0
DA:44,0
DA:45,0
DA:46,0
DA:47,0
DA:48,0
DA:49,0
DA:50,0
DA:51,0
DA:54,0
DA:63,0
DA:64,0
DA:67,0
DA:68,0
DA:70,0
DA:72,0
DA:73,0
DA:83,0
DA:84,0
DA:87,0
DA:88,0
DA:91,0
DA:103,0
DA:106,0
DA:109,0
DA:110,0
DA:113,0
DA:116,0
DA:118,0
DA:135,0
DA:136,0
DA:139,0
DA:142,0
DA:145,0
DA:146,0
DA:149,0
DA:152,0
DA:163,0
DA:166,0
DA:176,0
DA:178,0
DA:185,0
DA:186,0
DA:202,0
DA:203,0
DA:206,0
DA:207,0
DA:210,0
DA:213,0
DA:229,0
DA:230,0
DA:233,0
DA:236,0
DA:237,0
DA:240,0
DA:243,0
DA:254,0
DA:257,0
DA:266,0
DA:268,0
DA:274,0
DA:275,0
DA:289,0
DA:302,0
DA:303,0
DA:306,0
DA:309,0
DA:313,0
DA:314,0
DA:317,0
DA:320,0
DA:322,0
DA:324,0
DA:325,0
DA:330,0
DA:341,0
DA:343,0
DA:344,0
DA:349,0
DA:350,0
DA:357,0
LF:98
LH:0
BRDA:26,0,0,0
BRDA:26,0,1,0
BRDA:63,1,0,0
BRDA:63,1,1,0
BRDA:82,2,0,0
BRDA:87,3,0,0
BRDA:87,3,1,0
BRDA:135,4,0,0
BRDA:135,4,1,0
BRDA:201,5,0,0
BRDA:229,6,0,0
BRDA:229,6,1,0
BRDA:313,7,0,0
BRDA:313,7,1,0
BRDA:324,8,0,0
BRDA:324,8,1,0
BRDA:333,9,0,0
BRDA:333,9,1,0
BRDA:335,10,0,0
BRDA:335,10,1,0
BRF:20
BRH:0
end_of_record
TN:
SF:src/scripts/utils/fileStorage.js
FN:28,(anonymous_0)
FN:50,(anonymous_1)
FN:69,(anonymous_2)
FN:85,(anonymous_3)
FN:117,(anonymous_4)
FN:117,(anonymous_5)
FN:131,(anonymous_6)
FN:158,(anonymous_7)
FN:158,(anonymous_8)
FN:175,(anonymous_9)
FN:182,(anonymous_10)
FN:210,(anonymous_11)
FN:210,(anonymous_12)
FNF:13
FNH:0
FNDA:0,(anonymous_0)
FNDA:0,(anonymous_1)
FNDA:0,(anonymous_2)
FNDA:0,(anonymous_3)
FNDA:0,(anonymous_4)
FNDA:0,(anonymous_5)
FNDA:0,(anonymous_6)
FNDA:0,(anonymous_7)
FNDA:0,(anonymous_8)
FNDA:0,(anonymous_9)
FNDA:0,(anonymous_10)
FNDA:0,(anonymous_11)
FNDA:0,(anonymous_12)
DA:5,0
DA:6,0
DA:7,0
DA:10,0
DA:13,0
DA:14,0
DA:18,0
DA:28,0
DA:30,0
DA:31,0
DA:34,0
DA:35,0
DA:38,0
DA:39,0
DA:42,0
DA:50,0
DA:51,0
DA:52,0
DA:53,0
DA:56,0
DA:57,0
DA:59,0
DA:60,0
DA:69,0
DA:70,0
DA:71,0
DA:72,0
DA:74,0
DA:75,0
DA:85,0
DA:86,0
DA:87,0
DA:88,0
DA:91,0
DA:94,0
DA:100,0
DA:101,0
DA:103,0
DA:105,0
DA:106,0
DA:117,0
DA:118,0
DA:119,0
DA:120,0
DA:123,0
DA:126,0
DA:129,0
DA:130,0
DA:131,0
DA:132,0
DA:133,0
DA:135,0
DA:140,0
DA:141,0
DA:142,0
DA:145,0
DA:147,0
DA:148,0
DA:158,0
DA:159,0
DA:160,0
DA:161,0
DA:163,0
DA:164,0
DA:175,0
DA:176,0
DA:177,0
DA:178,0
DA:181,0
DA:182,0
DA:184,0
DA:185,0
DA:189,0
DA:195,0
DA:197,0
DA:199,0
DA:200,0
DA:210,0
DA:211,0
DA:212,0
DA:213,0
DA:216,0
DA:217,0
DA:219,0
DA:220,0
DA:224,0
LF:86
LH:0
BRDA:13,0,0,0
BRDA:13,0,1,0
BRDA:30,1,0,0
BRDA:30,1,1,0
BRDA:34,2,0,0
BRDA:34,2,1,0
BRDA:38,3,0,0
BRDA:38,3,1,0
BRDA:52,4,0,0
BRDA:52,4,1,0
BRDA:87,5,0,0
BRDA:87,5,1,0
BRDA:96,6,0,0
BRDA:96,6,1,0
BRDA:117,7,0,0
BRDA:117,8,0,0
BRDA:119,9,0,0
BRDA:119,9,1,0
BRDA:129,10,0,0
BRDA:129,10,1,0
BRDA:132,11,0,0
BRDA:132,11,1,0
BRDA:133,12,0,0
BRDA:133,12,1,0
BRDA:135,13,0,0
BRDA:135,13,1,0
BRDA:140,14,0,0
BRDA:140,14,1,0
BRDA:141,15,0,0
BRDA:141,15,1,0
BRDA:158,16,0,0
BRDA:161,17,0,0
BRDA:161,17,1,0
BRDA:177,18,0,0
BRDA:177,18,1,0
BRDA:184,19,0,0
BRDA:184,19,1,0
BRDA:210,20,0,0
BRDA:212,21,0,0
BRDA:212,21,1,0
BRF:40
BRH:0
end_of_record
TN:
SF:src/scripts/utils/logger.js
FNF:0
FNH:0
DA:4,1
DA:5,1
DA:6,1
DA:9,1
DA:10,1
DA:11,0
DA:15,1
DA:40,1
DA:41,1
DA:50,1
DA:51,1
DA:52,1
DA:53,1
DA:54,1
DA:55,1
DA:56,1
DA:58,1
LF:17
LH:16
BRDA:10,0,0,0
BRDA:10,0,1,1
BRDA:16,1,0,1
BRDA:16,1,1,1
BRDA:40,2,0,1
BRDA:40,2,1,0
BRF:6
BRH:4
end_of_record
TN:
SF:src/scripts/utils/priceOracle.js
FN:28,(anonymous_0)
FN:97,(anonymous_1)
FN:110,(anonymous_2)
FN:124,(anonymous_3)
FN:189,(anonymous_4)
FN:199,(anonymous_5)
FN:229,(anonymous_6)
FN:243,(anonymous_7)
FN:260,(anonymous_8)
FN:278,(anonymous_9)
FN:299,(anonymous_10)
FN:302,(anonymous_11)
FN:317,(anonymous_12)
FN:334,(anonymous_13)
FN:337,(anonymous_14)
FNF:15
FNH:0
FNDA:0,(anonymous_0)
FNDA:0,(anonymous_1)
FNDA:0,(anonymous_2)
FNDA:0,(anonymous_3)
FNDA:0,(anonymous_4)
FNDA:0,(anonymous_5)
FNDA:0,(anonymous_6)
FNDA:0,(anonymous_7)
FNDA:0,(anonymous_8)
FNDA:0,(anonymous_9)
FNDA:0,(anonymous_10)
FNDA:0,(anonymous_11)
FNDA:0,(anonymous_12)
FNDA:0,(anonymous_13)
FNDA:0,(anonymous_14)
DA:6,0
DA:7,0
DA:8,0
DA:9,0
DA:12,0
DA:15,0
DA:28,0
DA:29,0
DA:31,0
DA:32,0
DA:38,0
DA:39,0
DA:42,0
DA:45,0
DA:46,0
DA:47,0
DA:48,0
DA:52,0
DA:53,0
DA:54,0
DA:57,0
DA:59,0
DA:61,0
DA:64,0
DA:65,0
DA:66,0
DA:69,0
DA:71,0
DA:73,0
DA:76,0
DA:77,0
DA:78,0
DA:79,0
DA:83,0
DA:87,0
DA:88,0
DA:97,0
DA:98,0
DA:110,0
DA:111,0
DA:114,0
DA:117,0
DA:124,0
DA:125,0
DA:126,0
DA:127,0
DA:128,0
DA:130,0
DA:131,0
DA:134,0
DA:135,0
DA:139,0
DA:145,0
DA:146,0
DA:149,0
DA:152,0
DA:158,0
DA:159,0
DA:162,0
DA:165,0
DA:166,0
DA:167,0
DA:170,0
DA:171,0
DA:173,0
DA:180,0
DA:181,0
DA:189,0
DA:195,0
DA:197,0
DA:199,0
DA:204,0
DA:205,0
DA:206,0
DA:208,0
DA:217,0
DA:218,0
DA:220,0
DA:221,0
DA:229,0
DA:230,0
DA:243,0
DA:244,0
DA:246,0
DA:252,0
DA:260,0
DA:261,0
DA:263,0
DA:266,0
DA:267,0
DA:271,0
DA:272,0
DA:274,0
DA:277,0
DA:278,0
DA:283,0
DA:284,0
DA:285,0
DA:288,0
DA:291,0
DA:299,0
DA:300,0
DA:302,0
DA:307,0
DA:308,0
DA:312,0
DA:313,0
DA:316,0
DA:317,0
DA:320,0
DA:322,0
DA:325,0
DA:326,0
DA:334,0
DA:335,0
DA:337,0
DA:342,0
DA:345,0
DA:348,0
DA:349,0
DA:350,0
DA:352,0
DA:363,0
DA:374,0
DA:376,0
DA:377,0
DA:381,0
LF:127
LH:0
BRDA:32,0,0,0
BRDA:32,0,1,0
BRDA:33,1,0,0
BRDA:33,1,1,0
BRDA:33,1,2,0
BRDA:33,1,3,0
BRDA:45,2,0,0
BRDA:45,2,1,0
BRDA:76,3,0,0
BRDA:76,3,1,0
BRDA:127,4,0,0
BRDA:127,4,1,0
BRDA:130,5,0,0
BRDA:130,5,1,0
BRDA:134,6,0,0
BRDA:134,6,1,0
BRDA:145,7,0,0
BRDA:145,7,1,0
BRDA:145,8,0,0
BRDA:145,8,1,0
BRDA:146,9,0,0
BRDA:146,9,1,0
BRDA:158,10,0,0
BRDA:158,10,1,0
BRDA:158,11,0,0
BRDA:158,11,1,0
BRDA:159,12,0,0
BRDA:159,12,1,0
BRDA:204,13,0,0
BRDA:204,13,1,0
BRDA:266,14,0,0
BRDA:266,14,1,0
BRDA:283,15,0,0
BRDA:283,15,1,0
BRDA:283,16,0,0
BRDA:283,16,1,0
BRDA:307,17,0,0
BRDA:307,17,1,0
BRDA:312,18,0,0
BRDA:312,18,1,0
BRDA:325,19,0,0
BRDA:325,19,1,0
BRDA:342,20,0,0
BRDA:342,20,1,0
BRDA:348,21,0,0
BRDA:348,21,1,0
BRDA:349,22,0,0
BRDA:349,22,1,0
BRDA:370,23,0,0
BRDA:370,23,1,0
BRF:50
BRH:0
end_of_record
TN:
SF:src/scripts/utils/recovery.js
FN:24,(anonymous_0)
FN:29,(anonymous_1)
FN:73,(anonymous_2)
FN:120,(anonymous_3)
FN:152,(anonymous_4)
FN:155,(anonymous_5)
FN:188,(anonymous_6)
FN:193,(anonymous_7)
FN:261,(anonymous_8)
FN:266,(anonymous_9)
FN:302,(anonymous_10)
FN:347,(anonymous_11)
FN:379,(anonymous_12)
FN:382,(anonymous_13)
FN:415,(anonymous_14)
FNF:15
FNH:1
FNDA:0,(anonymous_0)
FNDA:0,(anonymous_1)
FNDA:0,(anonymous_2)
FNDA:0,(anonymous_3)
FNDA:0,(anonymous_4)
FNDA:0,(anonymous_5)
FNDA:0,(anonymous_6)
FNDA:0,(anonymous_7)
FNDA:0,(anonymous_8)
FNDA:0,(anonymous_9)
FNDA:0,(anonymous_10)
FNDA:0,(anonymous_11)
FNDA:0,(anonymous_12)
FNDA:0,(anonymous_13)
FNDA:2,(anonymous_14)
DA:14,1
DA:15,1
DA:16,1
DA:17,1
DA:18,1
DA:24,1
DA:25,0
DA:28,0
DA:29,0
DA:30,0
DA:34,0
DA:35,0
DA:36,0
DA:39,0
DA:42,0
DA:44,0
DA:51,0
DA:53,0
DA:54,0
DA:55,0
DA:58,0
DA:61,0
DA:64,0
DA:71,0
DA:73,0
DA:74,0
DA:75,0
DA:83,0
DA:86,0
DA:89,0
DA:103,0
DA:106,0
DA:108,0
DA:110,0
DA:111,0
DA:117,0
DA:120,0
DA:121,0
DA:122,0
DA:130,0
DA:133,0
DA:135,0
DA:136,0
DA:144,0
DA:145,0
DA:152,1
DA:153,0
DA:155,0
DA:160,0
DA:163,0
DA:177,0
DA:178,0
DA:180,0
DA:188,1
DA:189,0
DA:190,0
DA:193,0
DA:198,0
DA:200,0
DA:201,0
DA:202,0
DA:209,0
DA:212,0
DA:218,0
DA:219,0
DA:221,0
DA:224,0
DA:225,0
DA:228,0
DA:237,0
DA:238,0
DA:241,0
DA:249,0
DA:250,0
DA:261,1
DA:262,0
DA:265,0
DA:266,0
DA:267,0
DA:272,0
DA:273,0
DA:274,0
DA:277,0
DA:279,0
DA:286,0
DA:287,0
DA:290,0
DA:293,0
DA:300,0
DA:302,0
DA:303,0
DA:304,0
DA:312,0
DA:315,0
DA:318,0
DA:330,0
DA:333,0
DA:335,0
DA:337,0
DA:338,0
DA:344,0
DA:347,0
DA:348,0
DA:349,0
DA:357,0
DA:360,0
DA:362,0
DA:363,0
DA:371,0
DA:372,0
DA:379,1
DA:380,0
DA:382,0
DA:387,0
DA:390,0
DA:404,0
DA:405,0
DA:407,0
DA:415,1
DA:416,2
DA:418,0
DA:425,0
DA:426,0
DA:428,0
DA:429,0
DA:433,0
DA:434,0
DA:436,0
DA:437,0
DA:441,0
DA:442,0
DA:444,0
DA:445,0
DA:448,0
DA:449,0
DA:452,1
LF:136
LH:13
BRDA:30,0,0,0
BRDA:30,0,1,0
BRDA:30,0,2,0
BRDA:34,1,0,0
BRDA:34,1,1,0
BRDA:53,2,0,0
BRDA:53,2,1,0
BRDA:71,3,0,0
BRDA:71,3,1,0
BRDA:74,4,0,0
BRDA:74,4,1,0
BRDA:99,5,0,0
BRDA:99,5,1,0
BRDA:121,6,0,0
BRDA:121,6,1,0
BRDA:171,7,0,0
BRDA:171,7,1,0
BRDA:200,8,0,0
BRDA:200,8,1,0
BRDA:224,9,0,0
BRDA:224,9,1,0
BRDA:267,10,0,0
BRDA:267,10,1,0
BRDA:267,10,2,0
BRDA:272,11,0,0
BRDA:272,11,1,0
BRDA:300,12,0,0
BRDA:300,12,1,0
BRDA:303,13,0,0
BRDA:303,13,1,0
BRDA:326,14,0,0
BRDA:326,14,1,0
BRDA:348,15,0,0
BRDA:348,15,1,0
BRDA:398,16,0,0
BRDA:398,16,1,0
BRF:36
BRH:0
end_of_record
TN:
SF:src/scripts/utils/solana.js
FN:23,(anonymous_0)
FN:38,(anonymous_1)
FN:59,(anonymous_2)
FN:63,(anonymous_3)
FN:79,(anonymous_4)
FN:115,(anonymous_5)
FN:136,(anonymous_6)
FN:325,(anonymous_7)
FNF:8
FNH:0
FNDA:0,(anonymous_0)
FNDA:0,(anonymous_1)
FNDA:0,(anonymous_2)
FNDA:0,(anonymous_3)
FNDA:0,(anonymous_4)
FNDA:0,(anonymous_5)
FNDA:0,(anonymous_6)
FNDA:0,(anonymous_7)
DA:12,0
DA:16,0
DA:17,0
DA:18,0
DA:19,0
DA:20,0
DA:23,0
DA:24,0
DA:26,0
DA:38,0
DA:39,0
DA:41,0
DA:42,0
DA:43,0
DA:47,0
DA:48,0
DA:50,0
DA:51,0
DA:59,0
DA:60,0
DA:63,0
DA:64,0
DA:66,0
DA:70,0
DA:79,0
DA:80,0
DA:81,0
DA:82,0
DA:83,0
DA:86,0
DA:92,0
DA:93,0
DA:97,0
DA:98,0
DA:99,0
DA:100,0
DA:103,0
DA:105,0
DA:106,0
DA:115,0
DA:116,0
DA:117,0
DA:118,0
DA:120,0
DA:121,0
DA:123,0
DA:124,0
DA:136,0
DA:142,0
DA:143,0
DA:144,0
DA:147,0
DA:148,0
DA:151,0
DA:154,0
DA:155,0
DA:156,0
DA:167,0
DA:170,0
DA:178,0
DA:184,0
DA:185,0
DA:190,0
DA:200,0
DA:207,0
DA:213,0
DA:214,0
DA:215,0
DA:218,0
DA:221,0
DA:233,0
DA:240,0
DA:242,0
DA:243,0
DA:244,0
DA:245,0
DA:253,0
DA:264,0
DA:266,0
DA:276,0
DA:279,0
DA:280,0
DA:282,0
DA:283,0
DA:284,0
DA:285,0
DA:286,0
DA:287,0
DA:288,0
DA:289,0
DA:290,0
DA:291,0
DA:292,0
DA:293,0
DA:294,0
DA:295,0
DA:296,0
DA:299,0
DA:301,0
DA:309,0
DA:310,0
DA:325,0
DA:326,0
DA:327,0
DA:328,0
DA:331,0
DA:334,0
DA:342,0
DA:349,0
DA:351,0
DA:359,0
DA:360,0
DA:367,0
LF:113
LH:0
BRDA:38,0,0,0
BRDA:41,1,0,0
BRDA:41,1,1,0
BRDA:41,2,0,0
BRDA:41,2,1,0
BRDA:79,3,0,0
BRDA:92,4,0,0
BRDA:92,4,1,0
BRDA:139,5,0,0
BRDA:140,6,0,0
BRDA:147,7,0,0
BRDA:147,7,1,0
BRDA:154,8,0,0
BRDA:154,8,1,0
BRDA:243,9,0,0
BRDA:243,9,1,0
BRDA:276,10,0,0
BRDA:276,10,1,0
BRDA:282,11,0,0
BRDA:282,11,1,0
BRDA:285,12,0,0
BRDA:285,12,1,0
BRDA:285,13,0,0
BRDA:285,13,1,0
BRDA:288,14,0,0
BRDA:288,14,1,0
BRDA:288,15,0,0
BRDA:288,15,1,0
BRDA:291,16,0,0
BRDA:291,16,1,0
BRDA:291,17,0,0
BRDA:291,17,1,0
BRDA:294,18,0,0
BRDA:294,18,1,0
BRDA:294,19,0,0
BRDA:294,19,1,0
BRF:36
BRH:0
end_of_record
TN:
SF:src/scripts/utils/updateReserveMetrics.js
FN:14,(anonymous_0)
FN:31,(anonymous_1)
FNF:2
FNH:0
FNDA:0,(anonymous_0)
FNDA:0,(anonymous_1)
DA:5,0
DA:6,0
DA:7,0
DA:8,0
DA:14,0
DA:15,0
DA:16,0
DA:19,0
DA:20,0
DA:22,0
DA:23,0
DA:24,0
DA:31,0
DA:36,0
DA:37,0
DA:38,0
DA:44,0
DA:46,0
DA:48,0
DA:49,0
DA:51,0
DA:52,0
DA:55,0
DA:56,0
DA:58,0
DA:60,0
DA:74,0
DA:76,0
DA:78,0
DA:87,0
DA:88,0
DA:96,0
DA:97,0
DA:103,0
DA:104,0
DA:111,0
LF:36
LH:0
BRDA:22,0,0,0
BRDA:22,0,1,0
BRDA:22,1,0,0
BRDA:22,1,1,0
BRDA:36,2,0,0
BRDA:36,2,1,0
BRDA:58,3,0,0
BRDA:58,3,1,0
BRDA:58,4,0,0
BRDA:58,4,1,0
BRF:10
BRH:0
end_of_record
